<!DOCTYPE html>

<html>
  <head>
  <meta charset='utf-8'>
  <title>TestNG reports</title>

    <link type="text/css" href="testng-reports1.css" rel="stylesheet" id="ultra" />
    <link type="text/css" href="testng-reports.css" rel="stylesheet" id="retro" disabled="false"/>
    <script type="text/javascript" src="jquery.min.js"></script>
    <script type="text/javascript" src="testng-reports.js"></script>
    <script type="text/javascript" src="https://www.google.com/jsapi"></script>
    <script type='text/javascript'>
      google.load('visualization', '1', {packages:['table']});
      google.setOnLoadCallback(drawTable);
      var suiteTableInitFunctions = new Array();
      var suiteTableData = new Array();
    </script>
    <!--
      <script type="text/javascript" src="jquery-ui/js/jquery-ui-1.8.16.custom.min.js"></script>
     -->
  </head>

  <body>
    <div class="top-banner-root">
      <span class="top-banner-title-font">Test results</span>
      <button id="button" class="button">Switch Retro Theme</button> <!-- button -->
      <br/>
      <span class="top-banner-font-1">1 suite, 3 failed tests</span>
    </div> <!-- top-banner-root -->
    <div class="navigator-root">
      <div class="navigator-suite-header">
        <span>All suites</span>
        <a href="#" title="Collapse/expand all the suites" class="collapse-all-link">
          <img src="collapseall.gif" class="collapse-all-icon">
          </img> <!-- collapse-all-icon -->
        </a> <!-- collapse-all-link -->
      </div> <!-- navigator-suite-header -->
      <div class="suite">
        <div class="rounded-window">
          <div class="suite-header light-rounded-window-top">
            <a href="#" panel-name="suite-Suite" class="navigator-link">
              <span class="suite-name border-failed">Suite</span>
            </a> <!-- navigator-link -->
          </div> <!-- suite-header light-rounded-window-top -->
          <div class="navigator-suite-content">
            <div class="suite-section-title">
              <span>Info</span>
            </div> <!-- suite-section-title -->
            <div class="suite-section-content">
              <ul>
                <li>
                  <a href="#" panel-name="test-xml-Suite" class="navigator-link ">
                    <span>C:\Users\Karthik\eclipse-workspace\crmproject\sampletestng.xml</span>
                  </a> <!-- navigator-link  -->
                </li>
                <li>
                  <a href="#" panel-name="testlist-Suite" class="navigator-link ">
                    <span class="test-stats">1 test</span>
                  </a> <!-- navigator-link  -->
                </li>
                <li>
                  <a href="#" panel-name="group-Suite" class="navigator-link ">
                    <span>0 groups</span>
                  </a> <!-- navigator-link  -->
                </li>
                <li>
                  <a href="#" panel-name="times-Suite" class="navigator-link ">
                    <span>Times</span>
                  </a> <!-- navigator-link  -->
                </li>
                <li>
                  <a href="#" panel-name="reporter-Suite" class="navigator-link ">
                    <span>Reporter output</span>
                  </a> <!-- navigator-link  -->
                </li>
                <li>
                  <a href="#" panel-name="ignored-methods-Suite" class="navigator-link ">
                    <span>Ignored methods</span>
                  </a> <!-- navigator-link  -->
                </li>
                <li>
                  <a href="#" panel-name="chronological-Suite" class="navigator-link ">
                    <span>Chronological view</span>
                  </a> <!-- navigator-link  -->
                </li>
              </ul>
            </div> <!-- suite-section-content -->
            <div class="result-section">
              <div class="suite-section-title">
                <span>Results</span>
              </div> <!-- suite-section-title -->
              <div class="suite-section-content">
                <ul>
                  <li>
                    <span class="method-stats">13 methods, 3 failed,   10 passed</span>
                  </li>
                  <li>
                    <span class="method-list-title failed">Failed methods</span>
                    <span class="show-or-hide-methods failed">
                      <a href="#" panel-name="suite-Suite" class="hide-methods failed suite-Suite"> (hide)</a> <!-- hide-methods failed suite-Suite -->
                      <a href="#" panel-name="suite-Suite" class="show-methods failed suite-Suite"> (show)</a> <!-- show-methods failed suite-Suite -->
                    </span>
                    <div class="method-list-content failed suite-Suite">
                      <span>
                        <img src="failed.png" width="3%"/>
                        <a href="#" panel-name="suite-Suite" title="testcase.LoginPageTest" class="method navigator-link" hash-for-method="verifyValid_credentials(admin@admin.com, 894645)">verifyValid_credentials(admin@admin.com, 894645)</a> <!-- method navigator-link -->
                      </span>
                      <br/>
                      <span>
                        <img src="failed.png" width="3%"/>
                        <a href="#" panel-name="suite-Suite" title="testcase.LoginPageTest" class="method navigator-link" hash-for-method="verifyValid_credentials(admin@admin.com, )">verifyValid_credentials(admin@admin.com, )</a> <!-- method navigator-link -->
                      </span>
                      <br/>
                      <span>
                        <img src="failed.png" width="3%"/>
                        <a href="#" panel-name="suite-Suite" title="testcase.LoginPageTest" class="method navigator-link" hash-for-method="verifyValid_credentials(tffhhg, 12345678)">verifyValid_credentials(tffhhg, 12345678)</a> <!-- method navigator-link -->
                      </span>
                      <br/>
                    </div> <!-- method-list-content failed suite-Suite -->
                  </li>
                  <li>
                    <span class="method-list-title passed">Passed methods</span>
                    <span class="show-or-hide-methods passed">
                      <a href="#" panel-name="suite-Suite" class="hide-methods passed suite-Suite"> (hide)</a> <!-- hide-methods passed suite-Suite -->
                      <a href="#" panel-name="suite-Suite" class="show-methods passed suite-Suite"> (show)</a> <!-- show-methods passed suite-Suite -->
                    </span>
                    <div class="method-list-content passed suite-Suite">
                      <span>
                        <img src="passed.png" width="3%"/>
                        <a href="#" panel-name="suite-Suite" title="testcase.AnnouncementTest" class="method navigator-link" hash-for-method="verifyAddAnnouncements(admin@admin.com, 12345678, hlo, please, 2023/05/05, 2023/06/05, All teammembers)">verifyAddAnnouncements(admin@admin.com, 12345678, hlo, please, 2023/05/05, 2023/06/05, All teammembers)</a> <!-- method navigator-link -->
                      </span>
                      <br/>
                      <span>
                        <img src="passed.png" width="3%"/>
                        <a href="#" panel-name="suite-Suite" title="testcase.ClientsPageTest" class="method navigator-link" hash-for-method="verifyAddClientsTest(admin@admin.com, 12345678, ABCD, pcode, tvm, kl, 5456, india, 565656556, www.crm.com, 8654)">verifyAddClientsTest(admin@admin.com, 12345678, ABCD, pcode, tvm, kl, 5456, india, 565656556, www.crm.com, 8654)</a> <!-- method navigator-link -->
                      </span>
                      <br/>
                      <span>
                        <img src="passed.png" width="3%"/>
                        <a href="#" panel-name="suite-Suite" title="testcase.DashboardTest" class="method navigator-link" hash-for-method="verifyAddDashboardTest(admin@admin.com, 12345678, crm)">verifyAddDashboardTest(admin@admin.com, 12345678, crm)</a> <!-- method navigator-link -->
                      </span>
                      <br/>
                      <span>
                        <img src="passed.png" width="3%"/>
                        <a href="#" panel-name="suite-Suite" title="testcase.ItemsPageTest" class="method navigator-link" hash-for-method="verifyAddItemsTest(admin@admin.com, 12345678, hi, crm, 2, 15)">verifyAddItemsTest(admin@admin.com, 12345678, hi, crm, 2, 15)</a> <!-- method navigator-link -->
                      </span>
                      <br/>
                      <span>
                        <img src="passed.png" width="3%"/>
                        <a href="#" panel-name="suite-Suite" title="testcase.NotesTest" class="method navigator-link" hash-for-method="verifyAddNotesTest(admin@admin.com, 12345678, hi, crm)">verifyAddNotesTest(admin@admin.com, 12345678, hi, crm)</a> <!-- method navigator-link -->
                      </span>
                      <br/>
                      <span>
                        <img src="passed.png" width="3%"/>
                        <a href="#" panel-name="suite-Suite" title="testcase.TimecardTest" class="method navigator-link" hash-for-method="verifyTime(admin@admin.com, 12345678, keerthana sasi, 2023/05/06, 01:00AM, 2023/09/08, 05:00PM, HI)">verifyTime(admin@admin.com, 12345678, keerthana sasi, 2023/05/06, 01:00AM, 2023/09/08, 05:00PM, HI)</a> <!-- method navigator-link -->
                      </span>
                      <br/>
                      <span>
                        <img src="passed.png" width="3%"/>
                        <a href="#" panel-name="suite-Suite" title="testcase.EventsPageTest" class="method navigator-link" hash-for-method="verifyUseraddevent(admin@admin.com, 12345678, Hi, work, 2023/08/05, 2023/09/08, Tvm, All team members)">verifyUseraddevent(admin@admin.com, 12345678, Hi, work, 2023/08/05, 2023/09/08, Tvm, All team members)</a> <!-- method navigator-link -->
                      </span>
                      <br/>
                      <span>
                        <img src="passed.png" width="3%"/>
                        <a href="#" panel-name="suite-Suite" title="testcase.MessagePageTest" class="method navigator-link" hash-for-method="verifyUseraddmessage(admin@admin.com, 12345678, keerthana sasi, sending message, Hello world)">verifyUseraddmessage(admin@admin.com, 12345678, keerthana sasi, sending message, Hello world)</a> <!-- method navigator-link -->
                      </span>
                      <br/>
                      <span>
                        <img src="passed.png" width="3%"/>
                        <a href="#" panel-name="suite-Suite" title="testcase.ProfilePageTest" class="method navigator-link" hash-for-method="verifyUseraddprofile(admin@admin.com, 12345678, soorya, Raj, leks@gmail.com, pcode, 45623, 855, 895, male)">verifyUseraddprofile(admin@admin.com, 12345678, soorya, Raj, leks@gmail.com, pcode, 45623, 855, 895, male)</a> <!-- method navigator-link -->
                      </span>
                      <br/>
                      <span>
                        <img src="passed.png" width="3%"/>
                        <a href="#" panel-name="suite-Suite" title="testcase.LoginPageTest" class="method navigator-link" hash-for-method="verifyValid_credentials(admin@admin.com, 12345678)">verifyValid_credentials(admin@admin.com, 12345678)</a> <!-- method navigator-link -->
                      </span>
                      <br/>
                    </div> <!-- method-list-content passed suite-Suite -->
                  </li>
                </ul>
              </div> <!-- suite-section-content -->
            </div> <!-- result-section -->
          </div> <!-- navigator-suite-content -->
        </div> <!-- rounded-window -->
      </div> <!-- suite -->
    </div> <!-- navigator-root -->
    <div class="wrapper">
      <div class="main-panel-root">
        <div panel-name="suite-Suite" class="panel Suite">
          <div class="suite-Suite-class-failed">
            <div class="main-panel-header rounded-window-top">
              <img src="failed.png"/>
              <span class="class-name">testcase.LoginPageTest</span>
            </div> <!-- main-panel-header rounded-window-top -->
            <div class="main-panel-content rounded-window-bottom">
              <div class="method">
                <div class="method-content">
                  <a name="verifyValid_credentials(admin@admin.com, 894645)">
                  </a> <!-- verifyValid_credentials(admin@admin.com, 894645) -->
                  <span class="method-name">verifyValid_credentials</span>
                  <span class="parameters">(admin@admin.com, 894645)</span>
                  <div class="stack-trace">org.openqa.selenium.NoSuchElementException: no such element: Unable to locate element: {&quot;method&quot;:&quot;xpath&quot;,&quot;selector&quot;:&quot;//img[@class=&apos;dashboard-image&apos;]&quot;}
  (Session info: chrome=120.0.6099.71)
For documentation on this error, please visit: https://www.selenium.dev/documentation/webdriver/troubleshooting/errors#no-such-element-exception
Build info: version: &apos;4.15.0&apos;, revision: &apos;1d14b5521b&apos;
System info: os.name: &apos;Windows 11&apos;, os.arch: &apos;amd64&apos;, os.version: &apos;10.0&apos;, java.version: &apos;17.0.7&apos;
Driver info: org.openqa.selenium.chrome.ChromeDriver
Command: [9618159a699e06c824e9d058d0eb6a66, findElement {using=xpath, value=//img[@class=&apos;dashboard-image&apos;]}]
Capabilities {acceptInsecureCerts: false, browserName: chrome, browserVersion: 120.0.6099.71, chrome: {chromedriverVersion: 120.0.6099.71 (9729082fe617..., userDataDir: C:\Users\Karthik\AppData\Lo...}, fedcm:accounts: true, goog:chromeOptions: {debuggerAddress: localhost:51226}, networkConnectionEnabled: false, pageLoadStrategy: normal, platformName: windows, proxy: Proxy(), se:cdp: ws://localhost:51226/devtoo..., se:cdpVersion: 120.0.6099.71, setWindowRect: true, strictFileInteractability: false, timeouts: {implicit: 0, pageLoad: 300000, script: 30000}, unhandledPromptBehavior: dismiss and notify, webauthn:extension:credBlob: true, webauthn:extension:largeBlob: true, webauthn:extension:minPinLength: true, webauthn:extension:prf: true, webauthn:virtualAuthenticators: true}
Session ID: 9618159a699e06c824e9d058d0eb6a66
	at org.openqa.selenium.remote.codec.w3c.W3CHttpResponseCodec.createException(W3CHttpResponseCodec.java:200)
	at org.openqa.selenium.remote.codec.w3c.W3CHttpResponseCodec.decode(W3CHttpResponseCodec.java:133)
	at org.openqa.selenium.remote.codec.w3c.W3CHttpResponseCodec.decode(W3CHttpResponseCodec.java:52)
	at org.openqa.selenium.remote.HttpCommandExecutor.execute(HttpCommandExecutor.java:191)
	at org.openqa.selenium.remote.service.DriverCommandExecutor.invokeExecute(DriverCommandExecutor.java:200)
	at org.openqa.selenium.remote.service.DriverCommandExecutor.execute(DriverCommandExecutor.java:175)
	at org.openqa.selenium.remote.RemoteWebDriver.execute(RemoteWebDriver.java:607)
	at org.openqa.selenium.remote.ElementLocation$ElementFinder$2.findElement(ElementLocation.java:165)
	at org.openqa.selenium.remote.ElementLocation.findElement(ElementLocation.java:59)
	at org.openqa.selenium.remote.RemoteWebDriver.findElement(RemoteWebDriver.java:364)
	at org.openqa.selenium.remote.RemoteWebDriver.findElement(RemoteWebDriver.java:358)
	at org.openqa.selenium.support.pagefactory.DefaultElementLocator.findElement(DefaultElementLocator.java:68)
	at org.openqa.selenium.support.pagefactory.internal.LocatingElementHandler.invoke(LocatingElementHandler.java:38)
	at jdk.proxy2/jdk.proxy2.$Proxy17.isDisplayed(Unknown Source)
	at pages.Dashboard.isLoginCheckToDashboardDisplayed(Dashboard.java:39)
	at testcase.LoginPageTest.verifyValid_credentials(LoginPageTest.java:54)
	at java.base/java.util.ArrayList.forEach(ArrayList.java:1511)
... Removed 32 stack frames
</div> <!-- stack-trace -->
                </div> <!-- method-content -->
              </div> <!-- method -->
              <div class="method">
                <div class="method-content">
                  <a name="verifyValid_credentials(admin@admin.com, )">
                  </a> <!-- verifyValid_credentials(admin@admin.com, ) -->
                  <span class="method-name">verifyValid_credentials</span>
                  <span class="parameters">(admin@admin.com, )</span>
                  <div class="stack-trace">org.openqa.selenium.NoSuchElementException: no such element: Unable to locate element: {&quot;method&quot;:&quot;xpath&quot;,&quot;selector&quot;:&quot;//img[@class=&apos;dashboard-image&apos;]&quot;}
  (Session info: chrome=120.0.6099.71)
For documentation on this error, please visit: https://www.selenium.dev/documentation/webdriver/troubleshooting/errors#no-such-element-exception
Build info: version: &apos;4.15.0&apos;, revision: &apos;1d14b5521b&apos;
System info: os.name: &apos;Windows 11&apos;, os.arch: &apos;amd64&apos;, os.version: &apos;10.0&apos;, java.version: &apos;17.0.7&apos;
Driver info: org.openqa.selenium.chrome.ChromeDriver
Command: [04ff113f896cadfa42bdf54d22dcaf35, findElement {using=xpath, value=//img[@class=&apos;dashboard-image&apos;]}]
Capabilities {acceptInsecureCerts: false, browserName: chrome, browserVersion: 120.0.6099.71, chrome: {chromedriverVersion: 120.0.6099.71 (9729082fe617..., userDataDir: C:\Users\Karthik\AppData\Lo...}, fedcm:accounts: true, goog:chromeOptions: {debuggerAddress: localhost:51257}, networkConnectionEnabled: false, pageLoadStrategy: normal, platformName: windows, proxy: Proxy(), se:cdp: ws://localhost:51257/devtoo..., se:cdpVersion: 120.0.6099.71, setWindowRect: true, strictFileInteractability: false, timeouts: {implicit: 0, pageLoad: 300000, script: 30000}, unhandledPromptBehavior: dismiss and notify, webauthn:extension:credBlob: true, webauthn:extension:largeBlob: true, webauthn:extension:minPinLength: true, webauthn:extension:prf: true, webauthn:virtualAuthenticators: true}
Session ID: 04ff113f896cadfa42bdf54d22dcaf35
	at org.openqa.selenium.remote.codec.w3c.W3CHttpResponseCodec.createException(W3CHttpResponseCodec.java:200)
	at org.openqa.selenium.remote.codec.w3c.W3CHttpResponseCodec.decode(W3CHttpResponseCodec.java:133)
	at org.openqa.selenium.remote.codec.w3c.W3CHttpResponseCodec.decode(W3CHttpResponseCodec.java:52)
	at org.openqa.selenium.remote.HttpCommandExecutor.execute(HttpCommandExecutor.java:191)
	at org.openqa.selenium.remote.service.DriverCommandExecutor.invokeExecute(DriverCommandExecutor.java:200)
	at org.openqa.selenium.remote.service.DriverCommandExecutor.execute(DriverCommandExecutor.java:175)
	at org.openqa.selenium.remote.RemoteWebDriver.execute(RemoteWebDriver.java:607)
	at org.openqa.selenium.remote.ElementLocation$ElementFinder$2.findElement(ElementLocation.java:165)
	at org.openqa.selenium.remote.ElementLocation.findElement(ElementLocation.java:59)
	at org.openqa.selenium.remote.RemoteWebDriver.findElement(RemoteWebDriver.java:364)
	at org.openqa.selenium.remote.RemoteWebDriver.findElement(RemoteWebDriver.java:358)
	at org.openqa.selenium.support.pagefactory.DefaultElementLocator.findElement(DefaultElementLocator.java:68)
	at org.openqa.selenium.support.pagefactory.internal.LocatingElementHandler.invoke(LocatingElementHandler.java:38)
	at jdk.proxy2/jdk.proxy2.$Proxy17.isDisplayed(Unknown Source)
	at pages.Dashboard.isLoginCheckToDashboardDisplayed(Dashboard.java:39)
	at testcase.LoginPageTest.verifyValid_credentials(LoginPageTest.java:54)
	at java.base/java.util.ArrayList.forEach(ArrayList.java:1511)
... Removed 32 stack frames
</div> <!-- stack-trace -->
                </div> <!-- method-content -->
              </div> <!-- method -->
              <div class="method">
                <div class="method-content">
                  <a name="verifyValid_credentials(tffhhg, 12345678)">
                  </a> <!-- verifyValid_credentials(tffhhg, 12345678) -->
                  <span class="method-name">verifyValid_credentials</span>
                  <span class="parameters">(tffhhg, 12345678)</span>
                  <div class="stack-trace">org.openqa.selenium.NoSuchElementException: no such element: Unable to locate element: {&quot;method&quot;:&quot;xpath&quot;,&quot;selector&quot;:&quot;//img[@class=&apos;dashboard-image&apos;]&quot;}
  (Session info: chrome=120.0.6099.71)
For documentation on this error, please visit: https://www.selenium.dev/documentation/webdriver/troubleshooting/errors#no-such-element-exception
Build info: version: &apos;4.15.0&apos;, revision: &apos;1d14b5521b&apos;
System info: os.name: &apos;Windows 11&apos;, os.arch: &apos;amd64&apos;, os.version: &apos;10.0&apos;, java.version: &apos;17.0.7&apos;
Driver info: org.openqa.selenium.chrome.ChromeDriver
Command: [fb433684df8e0dcfccc22785ba6bab96, findElement {using=xpath, value=//img[@class=&apos;dashboard-image&apos;]}]
Capabilities {acceptInsecureCerts: false, browserName: chrome, browserVersion: 120.0.6099.71, chrome: {chromedriverVersion: 120.0.6099.71 (9729082fe617..., userDataDir: C:\Users\Karthik\AppData\Lo...}, fedcm:accounts: true, goog:chromeOptions: {debuggerAddress: localhost:51194}, networkConnectionEnabled: false, pageLoadStrategy: normal, platformName: windows, proxy: Proxy(), se:cdp: ws://localhost:51194/devtoo..., se:cdpVersion: 120.0.6099.71, setWindowRect: true, strictFileInteractability: false, timeouts: {implicit: 0, pageLoad: 300000, script: 30000}, unhandledPromptBehavior: dismiss and notify, webauthn:extension:credBlob: true, webauthn:extension:largeBlob: true, webauthn:extension:minPinLength: true, webauthn:extension:prf: true, webauthn:virtualAuthenticators: true}
Session ID: fb433684df8e0dcfccc22785ba6bab96
	at org.openqa.selenium.remote.codec.w3c.W3CHttpResponseCodec.createException(W3CHttpResponseCodec.java:200)
	at org.openqa.selenium.remote.codec.w3c.W3CHttpResponseCodec.decode(W3CHttpResponseCodec.java:133)
	at org.openqa.selenium.remote.codec.w3c.W3CHttpResponseCodec.decode(W3CHttpResponseCodec.java:52)
	at org.openqa.selenium.remote.HttpCommandExecutor.execute(HttpCommandExecutor.java:191)
	at org.openqa.selenium.remote.service.DriverCommandExecutor.invokeExecute(DriverCommandExecutor.java:200)
	at org.openqa.selenium.remote.service.DriverCommandExecutor.execute(DriverCommandExecutor.java:175)
	at org.openqa.selenium.remote.RemoteWebDriver.execute(RemoteWebDriver.java:607)
	at org.openqa.selenium.remote.ElementLocation$ElementFinder$2.findElement(ElementLocation.java:165)
	at org.openqa.selenium.remote.ElementLocation.findElement(ElementLocation.java:59)
	at org.openqa.selenium.remote.RemoteWebDriver.findElement(RemoteWebDriver.java:364)
	at org.openqa.selenium.remote.RemoteWebDriver.findElement(RemoteWebDriver.java:358)
	at org.openqa.selenium.support.pagefactory.DefaultElementLocator.findElement(DefaultElementLocator.java:68)
	at org.openqa.selenium.support.pagefactory.internal.LocatingElementHandler.invoke(LocatingElementHandler.java:38)
	at jdk.proxy2/jdk.proxy2.$Proxy17.isDisplayed(Unknown Source)
	at pages.Dashboard.isLoginCheckToDashboardDisplayed(Dashboard.java:39)
	at testcase.LoginPageTest.verifyValid_credentials(LoginPageTest.java:54)
	at java.base/java.util.ArrayList.forEach(ArrayList.java:1511)
... Removed 32 stack frames
</div> <!-- stack-trace -->
                </div> <!-- method-content -->
              </div> <!-- method -->
            </div> <!-- main-panel-content rounded-window-bottom -->
          </div> <!-- suite-Suite-class-failed -->
          <div class="suite-Suite-class-passed">
            <div class="main-panel-header rounded-window-top">
              <img src="passed.png"/>
              <span class="class-name">testcase.ClientsPageTest</span>
            </div> <!-- main-panel-header rounded-window-top -->
            <div class="main-panel-content rounded-window-bottom">
              <div class="method">
                <div class="method-content">
                  <a name="verifyAddClientsTest(admin@admin.com, 12345678, ABCD, pcode, tvm, kl, 5456, india, 565656556, www.crm.com, 8654)">
                  </a> <!-- verifyAddClientsTest(admin@admin.com, 12345678, ABCD, pcode, tvm, kl, 5456, india, 565656556, www.crm.com, 8654) -->
                  <span class="method-name">verifyAddClientsTest</span>
                  <span class="parameters">(admin@admin.com, 12345678, ABCD, pcode, tvm, kl, 5456, india, 565656556, www.crm.com, 8654)</span>
                </div> <!-- method-content -->
              </div> <!-- method -->
            </div> <!-- main-panel-content rounded-window-bottom -->
          </div> <!-- suite-Suite-class-passed -->
          <div class="suite-Suite-class-passed">
            <div class="main-panel-header rounded-window-top">
              <img src="passed.png"/>
              <span class="class-name">testcase.LoginPageTest</span>
            </div> <!-- main-panel-header rounded-window-top -->
            <div class="main-panel-content rounded-window-bottom">
              <div class="method">
                <div class="method-content">
                  <a name="verifyValid_credentials(admin@admin.com, 12345678)">
                  </a> <!-- verifyValid_credentials(admin@admin.com, 12345678) -->
                  <span class="method-name">verifyValid_credentials</span>
                  <span class="parameters">(admin@admin.com, 12345678)</span>
                </div> <!-- method-content -->
              </div> <!-- method -->
            </div> <!-- main-panel-content rounded-window-bottom -->
          </div> <!-- suite-Suite-class-passed -->
          <div class="suite-Suite-class-passed">
            <div class="main-panel-header rounded-window-top">
              <img src="passed.png"/>
              <span class="class-name">testcase.AnnouncementTest</span>
            </div> <!-- main-panel-header rounded-window-top -->
            <div class="main-panel-content rounded-window-bottom">
              <div class="method">
                <div class="method-content">
                  <a name="verifyAddAnnouncements(admin@admin.com, 12345678, hlo, please, 2023/05/05, 2023/06/05, All teammembers)">
                  </a> <!-- verifyAddAnnouncements(admin@admin.com, 12345678, hlo, please, 2023/05/05, 2023/06/05, All teammembers) -->
                  <span class="method-name">verifyAddAnnouncements</span>
                  <span class="parameters">(admin@admin.com, 12345678, hlo, please, 2023/05/05, 2023/06/05, All teammembers)</span>
                </div> <!-- method-content -->
              </div> <!-- method -->
            </div> <!-- main-panel-content rounded-window-bottom -->
          </div> <!-- suite-Suite-class-passed -->
          <div class="suite-Suite-class-passed">
            <div class="main-panel-header rounded-window-top">
              <img src="passed.png"/>
              <span class="class-name">testcase.ProfilePageTest</span>
            </div> <!-- main-panel-header rounded-window-top -->
            <div class="main-panel-content rounded-window-bottom">
              <div class="method">
                <div class="method-content">
                  <a name="verifyUseraddprofile(admin@admin.com, 12345678, soorya, Raj, leks@gmail.com, pcode, 45623, 855, 895, male)">
                  </a> <!-- verifyUseraddprofile(admin@admin.com, 12345678, soorya, Raj, leks@gmail.com, pcode, 45623, 855, 895, male) -->
                  <span class="method-name">verifyUseraddprofile</span>
                  <span class="parameters">(admin@admin.com, 12345678, soorya, Raj, leks@gmail.com, pcode, 45623, 855, 895, male)</span>
                </div> <!-- method-content -->
              </div> <!-- method -->
            </div> <!-- main-panel-content rounded-window-bottom -->
          </div> <!-- suite-Suite-class-passed -->
          <div class="suite-Suite-class-passed">
            <div class="main-panel-header rounded-window-top">
              <img src="passed.png"/>
              <span class="class-name">testcase.MessagePageTest</span>
            </div> <!-- main-panel-header rounded-window-top -->
            <div class="main-panel-content rounded-window-bottom">
              <div class="method">
                <div class="method-content">
                  <a name="verifyUseraddmessage(admin@admin.com, 12345678, keerthana sasi, sending message, Hello world)">
                  </a> <!-- verifyUseraddmessage(admin@admin.com, 12345678, keerthana sasi, sending message, Hello world) -->
                  <span class="method-name">verifyUseraddmessage</span>
                  <span class="parameters">(admin@admin.com, 12345678, keerthana sasi, sending message, Hello world)</span>
                </div> <!-- method-content -->
              </div> <!-- method -->
            </div> <!-- main-panel-content rounded-window-bottom -->
          </div> <!-- suite-Suite-class-passed -->
          <div class="suite-Suite-class-passed">
            <div class="main-panel-header rounded-window-top">
              <img src="passed.png"/>
              <span class="class-name">testcase.NotesTest</span>
            </div> <!-- main-panel-header rounded-window-top -->
            <div class="main-panel-content rounded-window-bottom">
              <div class="method">
                <div class="method-content">
                  <a name="verifyAddNotesTest(admin@admin.com, 12345678, hi, crm)">
                  </a> <!-- verifyAddNotesTest(admin@admin.com, 12345678, hi, crm) -->
                  <span class="method-name">verifyAddNotesTest</span>
                  <span class="parameters">(admin@admin.com, 12345678, hi, crm)</span>
                </div> <!-- method-content -->
              </div> <!-- method -->
            </div> <!-- main-panel-content rounded-window-bottom -->
          </div> <!-- suite-Suite-class-passed -->
          <div class="suite-Suite-class-passed">
            <div class="main-panel-header rounded-window-top">
              <img src="passed.png"/>
              <span class="class-name">testcase.ItemsPageTest</span>
            </div> <!-- main-panel-header rounded-window-top -->
            <div class="main-panel-content rounded-window-bottom">
              <div class="method">
                <div class="method-content">
                  <a name="verifyAddItemsTest(admin@admin.com, 12345678, hi, crm, 2, 15)">
                  </a> <!-- verifyAddItemsTest(admin@admin.com, 12345678, hi, crm, 2, 15) -->
                  <span class="method-name">verifyAddItemsTest</span>
                  <span class="parameters">(admin@admin.com, 12345678, hi, crm, 2, 15)</span>
                </div> <!-- method-content -->
              </div> <!-- method -->
            </div> <!-- main-panel-content rounded-window-bottom -->
          </div> <!-- suite-Suite-class-passed -->
          <div class="suite-Suite-class-passed">
            <div class="main-panel-header rounded-window-top">
              <img src="passed.png"/>
              <span class="class-name">testcase.DashboardTest</span>
            </div> <!-- main-panel-header rounded-window-top -->
            <div class="main-panel-content rounded-window-bottom">
              <div class="method">
                <div class="method-content">
                  <a name="verifyAddDashboardTest(admin@admin.com, 12345678, crm)">
                  </a> <!-- verifyAddDashboardTest(admin@admin.com, 12345678, crm) -->
                  <span class="method-name">verifyAddDashboardTest</span>
                  <span class="parameters">(admin@admin.com, 12345678, crm)</span>
                </div> <!-- method-content -->
              </div> <!-- method -->
            </div> <!-- main-panel-content rounded-window-bottom -->
          </div> <!-- suite-Suite-class-passed -->
          <div class="suite-Suite-class-passed">
            <div class="main-panel-header rounded-window-top">
              <img src="passed.png"/>
              <span class="class-name">testcase.EventsPageTest</span>
            </div> <!-- main-panel-header rounded-window-top -->
            <div class="main-panel-content rounded-window-bottom">
              <div class="method">
                <div class="method-content">
                  <a name="verifyUseraddevent(admin@admin.com, 12345678, Hi, work, 2023/08/05, 2023/09/08, Tvm, All team members)">
                  </a> <!-- verifyUseraddevent(admin@admin.com, 12345678, Hi, work, 2023/08/05, 2023/09/08, Tvm, All team members) -->
                  <span class="method-name">verifyUseraddevent</span>
                  <span class="parameters">(admin@admin.com, 12345678, Hi, work, 2023/08/05, 2023/09/08, Tvm, All team members)</span>
                </div> <!-- method-content -->
              </div> <!-- method -->
            </div> <!-- main-panel-content rounded-window-bottom -->
          </div> <!-- suite-Suite-class-passed -->
          <div class="suite-Suite-class-passed">
            <div class="main-panel-header rounded-window-top">
              <img src="passed.png"/>
              <span class="class-name">testcase.TimecardTest</span>
            </div> <!-- main-panel-header rounded-window-top -->
            <div class="main-panel-content rounded-window-bottom">
              <div class="method">
                <div class="method-content">
                  <a name="verifyTime(admin@admin.com, 12345678, keerthana sasi, 2023/05/06, 01:00AM, 2023/09/08, 05:00PM, HI)">
                  </a> <!-- verifyTime(admin@admin.com, 12345678, keerthana sasi, 2023/05/06, 01:00AM, 2023/09/08, 05:00PM, HI) -->
                  <span class="method-name">verifyTime</span>
                  <span class="parameters">(admin@admin.com, 12345678, keerthana sasi, 2023/05/06, 01:00AM, 2023/09/08, 05:00PM, HI)</span>
                </div> <!-- method-content -->
              </div> <!-- method -->
            </div> <!-- main-panel-content rounded-window-bottom -->
          </div> <!-- suite-Suite-class-passed -->
        </div> <!-- panel Suite -->
        <div panel-name="test-xml-Suite" class="panel">
          <div class="main-panel-header rounded-window-top">
            <span class="header-content">C:\Users\Karthik\eclipse-workspace\crmproject\sampletestng.xml</span>
          </div> <!-- main-panel-header rounded-window-top -->
          <div class="main-panel-content rounded-window-bottom">
            <pre>
&lt;?xml version=&quot;1.0&quot; encoding=&quot;UTF-8&quot;?&gt;
&lt;!DOCTYPE suite SYSTEM &quot;https://testng.org/testng-1.0.dtd&quot;&gt;
&lt;suite name=&quot;Suite&quot; guice-stage=&quot;DEVELOPMENT&quot;&gt;
  &lt;test thread-count=&quot;5&quot; name=&quot;Test_Chrome&quot;&gt;
    &lt;parameter name=&quot;Browser&quot; value=&quot;chrome&quot;/&gt;
    &lt;classes&gt;
      &lt;class name=&quot;testcase.DashboardTest&quot;/&gt;
      &lt;class name=&quot;testcase.AnnouncementTest&quot;/&gt;
      &lt;class name=&quot;testcase.ClientsPageTest&quot;/&gt;
      &lt;class name=&quot;testcase.EventsPageTest&quot;/&gt;
      &lt;class name=&quot;testcase.ItemsPageTest&quot;/&gt;
      &lt;class name=&quot;testcase.LoginPageTest&quot;/&gt;
      &lt;class name=&quot;testcase.MessagePageTest&quot;/&gt;
      &lt;class name=&quot;testcase.NotesTest&quot;/&gt;
      &lt;class name=&quot;testcase.ProfilePageTest&quot;/&gt;
      &lt;class name=&quot;testcase.TimecardTest&quot;/&gt;
    &lt;/classes&gt;
  &lt;/test&gt; &lt;!-- Test_Chrome --&gt;
&lt;/suite&gt; &lt;!-- Suite --&gt;
            </pre>
          </div> <!-- main-panel-content rounded-window-bottom -->
        </div> <!-- panel -->
        <div panel-name="testlist-Suite" class="panel">
          <div class="main-panel-header rounded-window-top">
            <span class="header-content">Tests for Suite</span>
          </div> <!-- main-panel-header rounded-window-top -->
          <div class="main-panel-content rounded-window-bottom">
            <ul>
              <li>
                <span class="test-name">Test_Chrome (10 classes)</span>
              </li>
            </ul>
          </div> <!-- main-panel-content rounded-window-bottom -->
        </div> <!-- panel -->
        <div panel-name="group-Suite" class="panel">
          <div class="main-panel-header rounded-window-top">
            <span class="header-content">Groups for Suite</span>
          </div> <!-- main-panel-header rounded-window-top -->
          <div class="main-panel-content rounded-window-bottom">
          </div> <!-- main-panel-content rounded-window-bottom -->
        </div> <!-- panel -->
        <div panel-name="times-Suite" class="panel">
          <div class="main-panel-header rounded-window-top">
            <span class="header-content">Times for Suite</span>
          </div> <!-- main-panel-header rounded-window-top -->
          <div class="main-panel-content rounded-window-bottom">
            <div class="times-div">
              <script type="text/javascript">
suiteTableInitFunctions.push('tableData_Suite');
function tableData_Suite() {
var data = new google.visualization.DataTable();
data.addColumn('number', 'Number');
data.addColumn('string', 'Method');
data.addColumn('string', 'Class');
data.addColumn('number', 'Time (ms)');
data.addRows(13);
data.setCell(0, 0, 0)
data.setCell(0, 1, 'verifyAddDashboardTest')
data.setCell(0, 2, 'testcase.DashboardTest')
data.setCell(0, 3, 25117);
data.setCell(1, 0, 1)
data.setCell(1, 1, 'verifyValid_credentials')
data.setCell(1, 2, 'testcase.LoginPageTest')
data.setCell(1, 3, 11606);
data.setCell(2, 0, 2)
data.setCell(2, 1, 'verifyValid_credentials')
data.setCell(2, 2, 'testcase.LoginPageTest')
data.setCell(2, 3, 10776);
data.setCell(3, 0, 3)
data.setCell(3, 1, 'verifyValid_credentials')
data.setCell(3, 2, 'testcase.LoginPageTest')
data.setCell(3, 3, 10581);
data.setCell(4, 0, 4)
data.setCell(4, 1, 'verifyAddClientsTest')
data.setCell(4, 2, 'testcase.ClientsPageTest')
data.setCell(4, 3, 8244);
data.setCell(5, 0, 5)
data.setCell(5, 1, 'verifyAddNotesTest')
data.setCell(5, 2, 'testcase.NotesTest')
data.setCell(5, 3, 7831);
data.setCell(6, 0, 6)
data.setCell(6, 1, 'verifyAddItemsTest')
data.setCell(6, 2, 'testcase.ItemsPageTest')
data.setCell(6, 3, 7788);
data.setCell(7, 0, 7)
data.setCell(7, 1, 'verifyUseraddmessage')
data.setCell(7, 2, 'testcase.MessagePageTest')
data.setCell(7, 3, 6995);
data.setCell(8, 0, 8)
data.setCell(8, 1, 'verifyUseraddevent')
data.setCell(8, 2, 'testcase.EventsPageTest')
data.setCell(8, 3, 6503);
data.setCell(9, 0, 9)
data.setCell(9, 1, 'verifyAddAnnouncements')
data.setCell(9, 2, 'testcase.AnnouncementTest')
data.setCell(9, 3, 6241);
data.setCell(10, 0, 10)
data.setCell(10, 1, 'verifyUseraddprofile')
data.setCell(10, 2, 'testcase.ProfilePageTest')
data.setCell(10, 3, 5707);
data.setCell(11, 0, 11)
data.setCell(11, 1, 'verifyTime')
data.setCell(11, 2, 'testcase.TimecardTest')
data.setCell(11, 3, 5381);
data.setCell(12, 0, 12)
data.setCell(12, 1, 'verifyValid_credentials')
data.setCell(12, 2, 'testcase.LoginPageTest')
data.setCell(12, 3, 1974);
window.suiteTableData['Suite']= { tableData: data, tableDiv: 'times-div-Suite'}
return data;
}
              </script>
              <span class="suite-total-time">Total running time: 1 minutes</span>
              <div id="times-div-Suite">
              </div> <!-- times-div-Suite -->
            </div> <!-- times-div -->
          </div> <!-- main-panel-content rounded-window-bottom -->
        </div> <!-- panel -->
        <div panel-name="reporter-Suite" class="panel">
          <div class="main-panel-header rounded-window-top">
            <span class="header-content">Reporter output for Suite</span>
          </div> <!-- main-panel-header rounded-window-top -->
          <div class="main-panel-content rounded-window-bottom">
          </div> <!-- main-panel-content rounded-window-bottom -->
        </div> <!-- panel -->
        <div panel-name="ignored-methods-Suite" class="panel">
          <div class="main-panel-header rounded-window-top">
            <span class="header-content">0 ignored methods</span>
          </div> <!-- main-panel-header rounded-window-top -->
          <div class="main-panel-content rounded-window-bottom">
          </div> <!-- main-panel-content rounded-window-bottom -->
        </div> <!-- panel -->
        <div panel-name="chronological-Suite" class="panel">
          <div class="main-panel-header rounded-window-top">
            <span class="header-content">Methods in chronological order</span>
          </div> <!-- main-panel-header rounded-window-top -->
          <div class="main-panel-content rounded-window-bottom">
            <div class="chronological-class">
              <div class="chronological-class-name">testcase.DashboardTest</div> <!-- chronological-class-name -->
              <div class="configuration-method before">
                <span class="method-name">setUpDriverOpenUrl(chrome)</span>
                <span class="method-start">0 ms</span>
              </div> <!-- configuration-method before -->
              <div class="test-method">
                <span class="method-name">verifyAddDashboardTest(admin@admin.com, 12345678, crm)</span>
                <span class="method-start">5333 ms</span>
              </div> <!-- test-method -->
              <div class="configuration-method after">
                <span class="method-name">takeScreenshotOnFailure([TestResult name=verifyAddDashboardTest status=SUCCESS method=DashboardTest.verifyAddDashboardTest(j...)</span>
                <span class="method-start">30466 ms</span>
              </div> <!-- configuration-method after -->
            </div> <!-- chronological-class -->
            <div class="chronological-class">
              <div class="chronological-class-name">testcase.AnnouncementTest</div> <!-- chronological-class-name -->
              <div class="configuration-method before">
                <span class="method-name">setUpDriverOpenUrl(chrome)</span>
                <span class="method-start">30918 ms</span>
              </div> <!-- configuration-method before -->
              <div class="test-method">
                <span class="method-name">verifyAddAnnouncements(admin@admin.com, 12345678, hlo, please, 2023/05/05, 2023/06/05, All teammembers)</span>
                <span class="method-start">33870 ms</span>
              </div> <!-- test-method -->
              <div class="configuration-method after">
                <span class="method-name">takeScreenshotOnFailure([TestResult name=verifyAddAnnouncements status=SUCCESS method=AnnouncementTest.verifyAddAnnouncement...)</span>
                <span class="method-start">40113 ms</span>
              </div> <!-- configuration-method after -->
            </div> <!-- chronological-class -->
            <div class="chronological-class">
              <div class="chronological-class-name">testcase.ClientsPageTest</div> <!-- chronological-class-name -->
              <div class="configuration-method before">
                <span class="method-name">setUpDriverOpenUrl(chrome)</span>
                <span class="method-start">40501 ms</span>
              </div> <!-- configuration-method before -->
              <div class="test-method">
                <span class="method-name">verifyAddClientsTest(admin@admin.com, 12345678, ABCD, pcode, tvm, kl, 5456, india, 565656556, www.crm.com, 8654)</span>
                <span class="method-start">43426 ms</span>
              </div> <!-- test-method -->
              <div class="configuration-method after">
                <span class="method-name">takeScreenshotOnFailure([TestResult name=verifyAddClientsTest status=SUCCESS method=ClientsPageTest.verifyAddClientsTest(jav...)</span>
                <span class="method-start">51670 ms</span>
              </div> <!-- configuration-method after -->
            </div> <!-- chronological-class -->
            <div class="chronological-class">
              <div class="chronological-class-name">testcase.EventsPageTest</div> <!-- chronological-class-name -->
              <div class="configuration-method before">
                <span class="method-name">setUpDriverOpenUrl(chrome)</span>
                <span class="method-start">51970 ms</span>
              </div> <!-- configuration-method before -->
              <div class="test-method">
                <span class="method-name">verifyUseraddevent(admin@admin.com, 12345678, Hi, work, 2023/08/05, 2023/09/08, Tvm, All team members)</span>
                <span class="method-start">54592 ms</span>
              </div> <!-- test-method -->
              <div class="configuration-method after">
                <span class="method-name">takeScreenshotOnFailure([TestResult name=verifyUseraddevent status=SUCCESS method=EventsPageTest.verifyUseraddevent(java.lan...)</span>
                <span class="method-start">61095 ms</span>
              </div> <!-- configuration-method after -->
            </div> <!-- chronological-class -->
            <div class="chronological-class">
              <div class="chronological-class-name">testcase.ItemsPageTest</div> <!-- chronological-class-name -->
              <div class="configuration-method before">
                <span class="method-name">setUpDriverOpenUrl(chrome)</span>
                <span class="method-start">61382 ms</span>
              </div> <!-- configuration-method before -->
              <div class="test-method">
                <span class="method-name">verifyAddItemsTest(admin@admin.com, 12345678, hi, crm, 2, 15)</span>
                <span class="method-start">64720 ms</span>
              </div> <!-- test-method -->
              <div class="configuration-method after">
                <span class="method-name">takeScreenshotOnFailure([TestResult name=verifyAddItemsTest status=SUCCESS method=ItemsPageTest.verifyAddItemsTest(java.lang...)</span>
                <span class="method-start">72510 ms</span>
              </div> <!-- configuration-method after -->
            </div> <!-- chronological-class -->
            <div class="chronological-class">
              <div class="chronological-class-name">testcase.LoginPageTest</div> <!-- chronological-class-name -->
              <div class="configuration-method before">
                <span class="method-name">setUpDriverOpenUrl(chrome)</span>
                <span class="method-start">73117 ms</span>
              </div> <!-- configuration-method before -->
              <div class="test-method">
                <img src="failed.png">
                </img>
                <span class="method-name">verifyValid_credentials(tffhhg, 12345678)</span>
                <span class="method-start">76025 ms</span>
              </div> <!-- test-method -->
              <div class="configuration-method after">
                <span class="method-name">takeScreenshotOnFailure([TestResult name=verifyValid_credentials status=FAILURE method=LoginPageTest.verifyValid_credentials...)</span>
                <span class="method-start">86625 ms</span>
              </div> <!-- configuration-method after -->
              <div class="configuration-method before">
                <span class="method-name">setUpDriverOpenUrl(chrome)</span>
                <span class="method-start">87106 ms</span>
              </div> <!-- configuration-method before -->
              <div class="test-method">
                <img src="failed.png">
                </img>
                <span class="method-name">verifyValid_credentials(admin@admin.com, 894645)</span>
                <span class="method-start">92987 ms</span>
              </div> <!-- test-method -->
              <div class="configuration-method after">
                <span class="method-name">takeScreenshotOnFailure([TestResult name=verifyValid_credentials status=FAILURE method=LoginPageTest.verifyValid_credentials...)</span>
                <span class="method-start">104608 ms</span>
              </div> <!-- configuration-method after -->
              <div class="configuration-method before">
                <span class="method-name">setUpDriverOpenUrl(chrome)</span>
                <span class="method-start">104997 ms</span>
              </div> <!-- configuration-method before -->
              <div class="test-method">
                <img src="failed.png">
                </img>
                <span class="method-name">verifyValid_credentials(admin@admin.com, )</span>
                <span class="method-start">109318 ms</span>
              </div> <!-- test-method -->
              <div class="configuration-method after">
                <span class="method-name">takeScreenshotOnFailure([TestResult name=verifyValid_credentials status=FAILURE method=LoginPageTest.verifyValid_credentials...)</span>
                <span class="method-start">120110 ms</span>
              </div> <!-- configuration-method after -->
              <div class="configuration-method before">
                <span class="method-name">setUpDriverOpenUrl(chrome)</span>
                <span class="method-start">120486 ms</span>
              </div> <!-- configuration-method before -->
              <div class="test-method">
                <span class="method-name">verifyValid_credentials(admin@admin.com, 12345678)</span>
                <span class="method-start">123773 ms</span>
              </div> <!-- test-method -->
              <div class="configuration-method after">
                <span class="method-name">takeScreenshotOnFailure([TestResult name=verifyValid_credentials status=SUCCESS method=LoginPageTest.verifyValid_credentials...)</span>
                <span class="method-start">125747 ms</span>
              </div> <!-- configuration-method after -->
            </div> <!-- chronological-class -->
            <div class="chronological-class">
              <div class="chronological-class-name">testcase.MessagePageTest</div> <!-- chronological-class-name -->
              <div class="configuration-method before">
                <span class="method-name">setUpDriverOpenUrl(chrome)</span>
                <span class="method-start">126031 ms</span>
              </div> <!-- configuration-method before -->
              <div class="test-method">
                <span class="method-name">verifyUseraddmessage(admin@admin.com, 12345678, keerthana sasi, sending message, Hello world)</span>
                <span class="method-start">128674 ms</span>
              </div> <!-- test-method -->
              <div class="configuration-method after">
                <span class="method-name">takeScreenshotOnFailure([TestResult name=verifyUseraddmessage status=SUCCESS method=MessagePageTest.verifyUseraddmessage(jav...)</span>
                <span class="method-start">135672 ms</span>
              </div> <!-- configuration-method after -->
            </div> <!-- chronological-class -->
            <div class="chronological-class">
              <div class="chronological-class-name">testcase.NotesTest</div> <!-- chronological-class-name -->
              <div class="configuration-method before">
                <span class="method-name">setUpDriverOpenUrl(chrome)</span>
                <span class="method-start">136006 ms</span>
              </div> <!-- configuration-method before -->
              <div class="test-method">
                <span class="method-name">verifyAddNotesTest(admin@admin.com, 12345678, hi, crm)</span>
                <span class="method-start">139030 ms</span>
              </div> <!-- test-method -->
              <div class="configuration-method after">
                <span class="method-name">takeScreenshotOnFailure([TestResult name=verifyAddNotesTest status=SUCCESS method=NotesTest.verifyAddNotesTest(java.lang.Str...)</span>
                <span class="method-start">146863 ms</span>
              </div> <!-- configuration-method after -->
            </div> <!-- chronological-class -->
            <div class="chronological-class">
              <div class="chronological-class-name">testcase.ProfilePageTest</div> <!-- chronological-class-name -->
              <div class="configuration-method before">
                <span class="method-name">setUpDriverOpenUrl(chrome)</span>
                <span class="method-start">147168 ms</span>
              </div> <!-- configuration-method before -->
              <div class="test-method">
                <span class="method-name">verifyUseraddprofile(admin@admin.com, 12345678, soorya, Raj, leks@gmail.com, pcode, 45623, 855, 895, male)</span>
                <span class="method-start">149790 ms</span>
              </div> <!-- test-method -->
              <div class="configuration-method after">
                <span class="method-name">takeScreenshotOnFailure([TestResult name=verifyUseraddprofile status=SUCCESS method=ProfilePageTest.verifyUseraddprofile(jav...)</span>
                <span class="method-start">155502 ms</span>
              </div> <!-- configuration-method after -->
            </div> <!-- chronological-class -->
            <div class="chronological-class">
              <div class="chronological-class-name">testcase.TimecardTest</div> <!-- chronological-class-name -->
              <div class="configuration-method before">
                <span class="method-name">setUpDriverOpenUrl(chrome)</span>
                <span class="method-start">155844 ms</span>
              </div> <!-- configuration-method before -->
              <div class="test-method">
                <span class="method-name">verifyTime(admin@admin.com, 12345678, keerthana sasi, 2023/05/06, 01:00AM, 2023/09/08, 05:00PM, HI)</span>
                <span class="method-start">158743 ms</span>
              </div> <!-- test-method -->
              <div class="configuration-method after">
                <span class="method-name">takeScreenshotOnFailure([TestResult name=verifyTime status=SUCCESS method=TimecardTest.verifyTime(java.lang.String,java.lang...)</span>
                <span class="method-start">164126 ms</span>
              </div> <!-- configuration-method after -->
          </div> <!-- main-panel-content rounded-window-bottom -->
        </div> <!-- panel -->
      </div> <!-- main-panel-root -->
    </div> <!-- wrapper -->
  </body>
<script type="text/javascript" src="testng-reports2.js"></script>
</html>
